<?xml version="1.0" encoding="UTF-8"?>
<!-- Generated by org.testng.reporters.JUnitReportReporter -->
<testsuite hostname="ASCINLAP64301" failures="0" tests="3" name="tests.OrangeHRMTest" time="28.553" errors="0" timestamp="2025-05-23T15:46:38 IST" skipped="0">
  <testcase classname="tests.OrangeHRMTest" name="loginTest" time="8.360"/>
  <testcase classname="tests.OrangeHRMTest" name="addCandidateTest" time="15.541"/>
  <testcase classname="tests.OrangeHRMTest" name="logoutTest" time="4.652"/>
</testsuite> <!-- tests.OrangeHRMTest -->
