<?xml version="1.0" encoding="UTF-8"?>
<!-- Generated by org.testng.reporters.JUnitReportReporter -->
<testsuite hostname="ASCINLAP64301" failures="0" tests="2" name="tests.ecommLoginandSearchTest" time="49.719" errors="0" timestamp="2025-05-23T15:34:51 IST" skipped="0">
  <testcase classname="tests.ecommLoginandSearchTest" name="testLogin" time="13.497"/>
  <testcase classname="tests.ecommLoginandSearchTest" name="testSearchProduct" time="36.222"/>
</testsuite> <!-- tests.ecommLoginandSearchTest -->
