<?xml version="1.0" encoding="UTF-8"?>
<!-- Generated by org.testng.reporters.JUnitReportReporter -->
<testsuite hostname="ASCINLAP64301" failures="0" tests="2" name="tests.LoginandSearchTest" time="21.884" errors="0" timestamp="2025-05-22T15:40:01 IST" skipped="0">
  <testcase classname="tests.LoginandSearchTest" name="testLogin" time="9.264"/>
  <testcase classname="tests.LoginandSearchTest" name="testSearchProductandLogout" time="12.620"/>
</testsuite> <!-- tests.LoginandSearchTest -->
